Collecting fastapi==0.115.0 (from -r /workspace/requirements.txt (line 1))
  Downloading fastapi-0.115.0-py3-none-any.whl.metadata (27 kB)
Collecting uvicorn==0.30.6 (from uvicorn[standard]==0.30.6->-r /workspace/requirements.txt (line 2))
  Downloading uvicorn-0.30.6-py3-none-any.whl.metadata (6.6 kB)
Collecting SQLAlchemy==2.0.32 (from -r /workspace/requirements.txt (line 3))
  Downloading SQLAlchemy-2.0.32-py3-none-any.whl.metadata (9.6 kB)
Collecting Jinja2==3.1.4 (from -r /workspace/requirements.txt (line 4))
  Downloading jinja2-3.1.4-py3-none-any.whl.metadata (2.6 kB)
Collecting pydantic==2.8.2 (from -r /workspace/requirements.txt (line 5))
  Downloading pydantic-2.8.2-py3-none-any.whl.metadata (125 kB)
Collecting python-multipart==0.0.9 (from -r /workspace/requirements.txt (line 6))
  Downloading python_multipart-0.0.9-py3-none-any.whl.metadata (2.5 kB)
Collecting starlette<0.39.0,>=0.37.2 (from fastapi==0.115.0->-r /workspace/requirements.txt (line 1))
  Downloading starlette-0.38.6-py3-none-any.whl.metadata (6.0 kB)
Collecting typing-extensions>=4.8.0 (from fastapi==0.115.0->-r /workspace/requirements.txt (line 1))
  Downloading typing_extensions-4.14.1-py3-none-any.whl.metadata (3.0 kB)
Collecting click>=7.0 (from uvicorn==0.30.6->uvicorn[standard]==0.30.6->-r /workspace/requirements.txt (line 2))
  Downloading click-8.2.1-py3-none-any.whl.metadata (2.5 kB)
Collecting h11>=0.8 (from uvicorn==0.30.6->uvicorn[standard]==0.30.6->-r /workspace/requirements.txt (line 2))
  Downloading h11-0.16.0-py3-none-any.whl.metadata (8.3 kB)
Collecting MarkupSafe>=2.0 (from Jinja2==3.1.4->-r /workspace/requirements.txt (line 4))
  Downloading MarkupSafe-3.0.2-cp313-cp313-manylinux_2_17_x86_64.manylinux2014_x86_64.whl.metadata (4.0 kB)
Collecting annotated-types>=0.4.0 (from pydantic==2.8.2->-r /workspace/requirements.txt (line 5))
  Downloading annotated_types-0.7.0-py3-none-any.whl.metadata (15 kB)
Collecting pydantic-core==2.20.1 (from pydantic==2.8.2->-r /workspace/requirements.txt (line 5))
  Downloading pydantic_core-2.20.1-cp313-cp313-manylinux_2_17_x86_64.manylinux2014_x86_64.whl.metadata (6.6 kB)
Collecting httptools>=0.5.0 (from uvicorn[standard]==0.30.6->-r /workspace/requirements.txt (line 2))
  Downloading httptools-0.6.4-cp313-cp313-manylinux_2_5_x86_64.manylinux1_x86_64.manylinux_2_17_x86_64.manylinux2014_x86_64.whl.metadata (3.6 kB)
Collecting python-dotenv>=0.13 (from uvicorn[standard]==0.30.6->-r /workspace/requirements.txt (line 2))
  Downloading python_dotenv-1.1.1-py3-none-any.whl.metadata (24 kB)
Requirement already satisfied: pyyaml>=5.1 in /usr/lib/python3/dist-packages (from uvicorn[standard]==0.30.6->-r /workspace/requirements.txt (line 2)) (6.0.2)
Collecting uvloop!=0.15.0,!=0.15.1,>=0.14.0 (from uvicorn[standard]==0.30.6->-r /workspace/requirements.txt (line 2))
  Downloading uvloop-0.21.0-cp313-cp313-manylinux_2_17_x86_64.manylinux2014_x86_64.whl.metadata (4.9 kB)
Collecting watchfiles>=0.13 (from uvicorn[standard]==0.30.6->-r /workspace/requirements.txt (line 2))
  Downloading watchfiles-1.1.0-cp313-cp313-manylinux_2_17_x86_64.manylinux2014_x86_64.whl.metadata (4.9 kB)
Collecting websockets>=10.4 (from uvicorn[standard]==0.30.6->-r /workspace/requirements.txt (line 2))
  Downloading websockets-15.0.1-cp313-cp313-manylinux_2_5_x86_64.manylinux1_x86_64.manylinux_2_17_x86_64.manylinux2014_x86_64.whl.metadata (6.8 kB)
Collecting anyio<5,>=3.4.0 (from starlette<0.39.0,>=0.37.2->fastapi==0.115.0->-r /workspace/requirements.txt (line 1))
  Downloading anyio-4.10.0-py3-none-any.whl.metadata (4.0 kB)
Collecting idna>=2.8 (from anyio<5,>=3.4.0->starlette<0.39.0,>=0.37.2->fastapi==0.115.0->-r /workspace/requirements.txt (line 1))
  Downloading idna-3.10-py3-none-any.whl.metadata (10 kB)
Collecting sniffio>=1.1 (from anyio<5,>=3.4.0->starlette<0.39.0,>=0.37.2->fastapi==0.115.0->-r /workspace/requirements.txt (line 1))
  Downloading sniffio-1.3.1-py3-none-any.whl.metadata (3.9 kB)
Downloading fastapi-0.115.0-py3-none-any.whl (94 kB)
Downloading uvicorn-0.30.6-py3-none-any.whl (62 kB)
Downloading SQLAlchemy-2.0.32-py3-none-any.whl (1.9 MB)
   ━━━━━━━━━━━━━━━━━━━━━━━━━━━━━━━━━━━━━━━━ 1.9/1.9 MB 124.9 MB/s eta 0:00:00
Downloading jinja2-3.1.4-py3-none-any.whl (133 kB)
Downloading pydantic-2.8.2-py3-none-any.whl (423 kB)
Downloading python_multipart-0.0.9-py3-none-any.whl (22 kB)
Downloading pydantic_core-2.20.1-cp313-cp313-manylinux_2_17_x86_64.manylinux2014_x86_64.whl (2.1 MB)
   ━━━━━━━━━━━━━━━━━━━━━━━━━━━━━━━━━━━━━━━━ 2.1/2.1 MB 132.0 MB/s eta 0:00:00
Downloading annotated_types-0.7.0-py3-none-any.whl (13 kB)
Downloading click-8.2.1-py3-none-any.whl (102 kB)
Downloading h11-0.16.0-py3-none-any.whl (37 kB)
Downloading httptools-0.6.4-cp313-cp313-manylinux_2_5_x86_64.manylinux1_x86_64.manylinux_2_17_x86_64.manylinux2014_x86_64.whl (473 kB)
Downloading MarkupSafe-3.0.2-cp313-cp313-manylinux_2_17_x86_64.manylinux2014_x86_64.whl (23 kB)
Downloading python_dotenv-1.1.1-py3-none-any.whl (20 kB)
Downloading starlette-0.38.6-py3-none-any.whl (71 kB)
Downloading typing_extensions-4.14.1-py3-none-any.whl (43 kB)
Downloading uvloop-0.21.0-cp313-cp313-manylinux_2_17_x86_64.manylinux2014_x86_64.whl (4.7 MB)
   ━━━━━━━━━━━━━━━━━━━━━━━━━━━━━━━━━━━━━━━━ 4.7/4.7 MB 151.4 MB/s eta 0:00:00
Downloading watchfiles-1.1.0-cp313-cp313-manylinux_2_17_x86_64.manylinux2014_x86_64.whl (451 kB)
Downloading websockets-15.0.1-cp313-cp313-manylinux_2_5_x86_64.manylinux1_x86_64.manylinux_2_17_x86_64.manylinux2014_x86_64.whl (182 kB)
Downloading anyio-4.10.0-py3-none-any.whl (107 kB)
Downloading idna-3.10-py3-none-any.whl (70 kB)
Downloading sniffio-1.3.1-py3-none-any.whl (10 kB)
Installing collected packages: websockets, uvloop, typing-extensions, sniffio, python-multipart, python-dotenv, MarkupSafe, idna, httptools, h11, click, annotated-types, uvicorn, SQLAlchemy, pydantic-core, Jinja2, anyio, watchfiles, starlette, pydantic, fastapi
  WARNING: The script websockets is installed in '/home/ubuntu/.local/bin' which is not on PATH.
  Consider adding this directory to PATH or, if you prefer to suppress this warning, use --no-warn-script-location.
  WARNING: The script dotenv is installed in '/home/ubuntu/.local/bin' which is not on PATH.
  Consider adding this directory to PATH or, if you prefer to suppress this warning, use --no-warn-script-location.
  WARNING: The script uvicorn is installed in '/home/ubuntu/.local/bin' which is not on PATH.
  Consider adding this directory to PATH or, if you prefer to suppress this warning, use --no-warn-script-location.
  WARNING: The script watchfiles is installed in '/home/ubuntu/.local/bin' which is not on PATH.
  Consider adding this directory to PATH or, if you prefer to suppress this warning, use --no-warn-script-location.
  WARNING: The script fastapi is installed in '/home/ubuntu/.local/bin' which is not on PATH.
  Consider adding this directory to PATH or, if you prefer to suppress this warning, use --no-warn-script-location.
Successfully installed Jinja2-3.1.4 MarkupSafe-3.0.2 SQLAlchemy-2.0.32 annotated-types-0.7.0 anyio-4.10.0 click-8.2.1 fastapi-0.115.0 h11-0.16.0 httptools-0.6.4 idna-3.10 pydantic-2.8.2 pydantic-core-2.20.1 python-dotenv-1.1.1 python-multipart-0.0.9 sniffio-1.3.1 starlette-0.38.6 typing-extensions-4.14.1 uvicorn-0.30.6 uvloop-0.21.0 watchfiles-1.1.0 websockets-15.0.1
